Miaomiao Update log
2.5 Update on 2018/3/18
增加了存活检测功能，每10分钟向测试群发送存活信息
测试群不再可以触发互助，但依然可以接收互助

2.4 Update on 2018/3/16
at与否都会触发，并且重新开启奇穴等功能
开发互助招募功能，cd三小时，同时发送cd五分钟，可以选择是否接收
开发敏感词系统，触发者会被禁言三分钟，可以选择是否启用
更新一批职业关键字
两种取消报名方式会带着ID一起取消
新建团本、配置时会检查是否已经存在
cd系统改为两层充能，并且有提示
报名成功时附带职业，方便延迟过长时确认报名者
新建配置失败时加入提示

2.3 Update on 2018/3/15
增加了几个关键字
改为只有at时才可记录
暂时禁用奇穴查询
添加了记录id的功能
为长消息添加了cd

2.2 Update on 2018/3/13
修改群和管理员的记录方式，方便扩展
增加记录管理员及群id的功能
管理员命令在群里也可以生效，但反之不可以
提供各种名称的修改，并且对修改做了确认
trick的宏不再显示提示
迁移到稳定的服务器


2.1 Update on 2018/3/11
对下水道职业增加了支持
为宏命令增加了一个提示
增加团本改名功能
增加关联群的功能


2.0 Update on 2018/3/9
增加宏/小药/奇穴查询
增加指挥命令
修复各种bug